2021-02-13 14:08:54
A keresett útvonal nem található: test2021-02-13 14:08:55
A keresett útvonal nem található: public\html\PageNotFound.html2021-02-13 14:08:55
A keresett útvonal nem található: public\html\public\html\PageNotFound.html2021-02-13 14:08:56
A keresett útvonal nem található: public\html\public\html\public\html\PageNotFound.html2021-02-13 14:08:56
A keresett útvonal nem található: public\html\public\html\public\html\public\html\PageNotFound.html2021-02-13 14:08:57
A keresett útvonal nem található: public\html\public\html\public\html\public\html\public\html\PageNotFound.html2021-02-13 14:08:57
A keresett útvonal nem található: public\html\public\html\public\html\public\html\public\html\public\html\PageNotFound.html2021-02-13 14:08:58
A keresett útvonal nem található: public\html\public\html\public\html\public\html\public\html\public\html\public\html\PageNotFound.html2021-02-13 14:08:58
A keresett útvonal nem található: public\html\public\html\public\html\public\html\public\html\public\html\public\html\public\html\PageNotFound.html2021-02-13 14:08:59
A keresett útvonal nem található: public\html\public\html\public\html\public\html\public\html\public\html\public\html\public\html\public\html\PageNotFound.html2021-02-13 14:08:59
A keresett útvonal nem található: public\html\public\html\public\html\public\html\public\html\public\html\public\html\public\html\public\html\public\html\PageNotFound.html2021-02-13 14:09:00
A keresett útvonal nem található: public\html\public\html\public\html\public\html\public\html\public\html\public\html\public\html\public\html\public\html\public\html\PageNotFound.html2021-02-13 14:09:00
A keresett útvonal nem található: public\html\public\html\public\html\public\html\public\html\public\html\public\html\public\html\public\html\public\html\public\html\public\html\PageNotFound.html2021-02-13 14:09:01
A keresett útvonal nem található: public\html\public\html\public\html\public\html\public\html\public\html\public\html\public\html\public\html\public\html\public\html\public\html\public\html\PageNotFound.html2021-02-13 14:09:01
A keresett útvonal nem található: public\html\public\html\public\html\public\html\public\html\public\html\public\html\public\html\public\html\public\html\public\html\public\html\public\html\public\html\PageNotFound.html2021-02-13 14:09:02
A keresett útvonal nem található: public\html\public\html\public\html\public\html\public\html\public\html\public\html\public\html\public\html\public\html\public\html\public\html\public\html\public\html\public\html\PageNotFound.html2021-02-13 14:09:02
A keresett útvonal nem található: public\html\public\html\public\html\public\html\public\html\public\html\public\html\public\html\public\html\public\html\public\html\public\html\public\html\public\html\public\html\public\html\PageNotFound.html2021-02-13 14:09:03
A keresett útvonal nem található: public\html\public\html\public\html\public\html\public\html\public\html\public\html\public\html\public\html\public\html\public\html\public\html\public\html\public\html\public\html\public\html\public\html\PageNotFound.html2021-02-13 14:09:03
A keresett útvonal nem található: public\html\public\html\public\html\public\html\public\html\public\html\public\html\public\html\public\html\public\html\public\html\public\html\public\html\public\html\public\html\public\html\public\html\public\html\PageNotFound.html2021-02-13 14:09:04
A keresett útvonal nem található: public\html\public\html\public\html\public\html\public\html\public\html\public\html\public\html\public\html\public\html\public\html\public\html\public\html\public\html\public\html\public\html\public\html\public\html\public\html\PageNotFound.html2021-02-13 14:09:05
A keresett útvonal nem található: public\html\public\html\public\html\public\html\public\html\public\html\public\html\public\html\public\html\public\html\public\html\public\html\public\html\public\html\public\html\public\html\public\html\public\html\public\html\PageNotFound.html2021-02-13 14:09:06
A keresett útvonal nem található: public\html\public\html\public\html\public\html\public\html\public\html\public\html\public\html\public\html\public\html\public\html\public\html\public\html\public\html\public\html\public\html\public\html\public\html\public\html\public\html\PageNotFound.html2021-02-13 14:09:06
A keresett útvonal nem található: public\html\public\html\public\html\public\html\public\html\public\html\public\html\public\html\public\html\public\html\public\html\public\html\public\html\public\html\public\html\public\html\public\html\public\html\public\html\public\html\public\html\PageNotFound.html2021-02-13 14:09:07
A keresett útvonal nem található: public\html\public\html\public\html\public\html\public\html\public\html\public\html\public\html\public\html\public\html\public\html\public\html\public\html\public\html\public\html\public\html\public\html\public\html\public\html\public\html\public\html\public\html\PageNotFound.html2021-02-13 14:09:07
A keresett útvonal nem található: public\html\public\html\public\html\public\html\public\html\public\html\public\html\public\html\public\html\public\html\public\html\public\html\public\html\public\html\public\html\public\html\public\html\public\html\public\html\public\html\public\html\public\html\public\html\PageNotFound.html2021-02-13 14:09:08
A keresett útvonal nem található: public\html\public\html\public\html\public\html\public\html\public\html\public\html\public\html\public\html\public\html\public\html\public\html\public\html\public\html\public\html\public\html\public\html\public\html\public\html\public\html\public\html\public\html\public\html\public\html\PageNotFound.html2021-02-13 14:09:08
A keresett útvonal nem található: public\html\public\html\public\html\public\html\public\html\public\html\public\html\public\html\public\html\public\html\public\html\public\html\public\html\public\html\public\html\public\html\public\html\public\html\public\html\public\html\public\html\public\html\public\html\public\html\public\html\PageNotFound.html2021-02-13 14:09:09
A keresett útvonal nem található: public\html\public\html\public\html\public\html\public\html\public\html\public\html\public\html\public\html\public\html\public\html\public\html\public\html\public\html\public\html\public\html\public\html\public\html\public\html\public\html\public\html\public\html\public\html\public\html\public\html\public\html\PageNotFound.html2021-02-13 14:09:09
A keresett útvonal nem található: public\html\public\html\public\html\public\html\public\html\public\html\public\html\public\html\public\html\public\html\public\html\public\html\public\html\public\html\public\html\public\html\public\html\public\html\public\html\public\html\public\html\public\html\public\html\public\html\public\html\public\html\public\html\PageNotFound.html2021-02-13 14:09:10
A keresett útvonal nem található: public\html\public\html\public\html\public\html\public\html\public\html\public\html\public\html\public\html\public\html\public\html\public\html\public\html\public\html\public\html\public\html\public\html\public\html\public\html\public\html\public\html\public\html\public\html\public\html\public\html\public\html\public\html\public\html\PageNotFound.html2021-02-13 14:09:10
A keresett útvonal nem található: public\html\public\html\public\html\public\html\public\html\public\html\public\html\public\html\public\html\public\html\public\html\public\html\public\html\public\html\public\html\public\html\public\html\public\html\public\html\public\html\public\html\public\html\public\html\public\html\public\html\public\html\public\html\public\html\public\html\PageNotFound.html2021-02-13 14:09:11
A keresett útvonal nem található: public\html\public\html\public\html\public\html\public\html\public\html\public\html\public\html\public\html\public\html\public\html\public\html\public\html\public\html\public\html\public\html\public\html\public\html\public\html\public\html\public\html\public\html\public\html\public\html\public\html\public\html\public\html\public\html\public\html\public\html\PageNotFound.html2021-02-13 14:09:11
A keresett útvonal nem található: public\html\public\html\public\html\public\html\public\html\public\html\public\html\public\html\public\html\public\html\public\html\public\html\public\html\public\html\public\html\public\html\public\html\public\html\public\html\public\html\public\html\public\html\public\html\public\html\public\html\public\html\public\html\public\html\public\html\public\html\public\html\PageNotFound.html2021-02-13 14:09:12
A keresett útvonal nem található: public\html\public\html\public\html\public\html\public\html\public\html\public\html\public\html\public\html\public\html\public\html\public\html\public\html\public\html\public\html\public\html\public\html\public\html\public\html\public\html\public\html\public\html\public\html\public\html\public\html\public\html\public\html\public\html\public\html\public\html\public\html\public\html\PageNotFound.html2021-02-13 14:09:12
A keresett útvonal nem található: public\html\public\html\public\html\public\html\public\html\public\html\public\html\public\html\public\html\public\html\public\html\public\html\public\html\public\html\public\html\public\html\public\html\public\html\public\html\public\html\public\html\public\html\public\html\public\html\public\html\public\html\public\html\public\html\public\html\public\html\public\html\public\html\public\html\PageNotFound.html2021-02-13 14:09:13
A keresett útvonal nem található: public\html\public\html\public\html\public\html\public\html\public\html\public\html\public\html\public\html\public\html\public\html\public\html\public\html\public\html\public\html\public\html\public\html\public\html\public\html\public\html\public\html\public\html\public\html\public\html\public\html\public\html\public\html\public\html\public\html\public\html\public\html\public\html\public\html\public\html\PageNotFound.html2021-02-13 14:09:13
A keresett útvonal nem található: public\html\public\html\public\html\public\html\public\html\public\html\public\html\public\html\public\html\public\html\public\html\public\html\public\html\public\html\public\html\public\html\public\html\public\html\public\html\public\html\public\html\public\html\public\html\public\html\public\html\public\html\public\html\public\html\public\html\public\html\public\html\public\html\public\html\public\html\public\html\PageNotFound.html2021-02-13 14:09:14
A keresett útvonal nem található: public\html\public\html\public\html\public\html\public\html\public\html\public\html\public\html\public\html\public\html\public\html\public\html\public\html\public\html\public\html\public\html\public\html\public\html\public\html\public\html\public\html\public\html\public\html\public\html\public\html\public\html\public\html\public\html\public\html\public\html\public\html\public\html\public\html\public\html\public\html\public\html\PageNotFound.html2021-02-13 14:09:14
A keresett útvonal nem található: public\html\public\html\public\html\public\html\public\html\public\html\public\html\public\html\public\html\public\html\public\html\public\html\public\html\public\html\public\html\public\html\public\html\public\html\public\html\public\html\public\html\public\html\public\html\public\html\public\html\public\html\public\html\public\html\public\html\public\html\public\html\public\html\public\html\public\html\public\html\public\html\public\html\PageNotFound.html2021-02-13 14:09:15
A keresett útvonal nem található: public\html\public\html\public\html\public\html\public\html\public\html\public\html\public\html\public\html\public\html\public\html\public\html\public\html\public\html\public\html\public\html\public\html\public\html\public\html\public\html\public\html\public\html\public\html\public\html\public\html\public\html\public\html\public\html\public\html\public\html\public\html\public\html\public\html\public\html\public\html\public\html\public\html\public\html\PageNotFound.html2021-02-13 14:10:11
A keresett útvonal nem található: test2021-02-13 14:10:22
A keresett útvonal nem található: public\html\PageNotFound.html2021-02-13 14:10:37
A keresett útvonal nem található: public\html\public\html\PageNotFound.html2021-02-13 14:11:05
A keresett útvonal nem található: test2021-02-13 14:11:12
A keresett útvonal nem található: public\html\PageNotFound.html2021-02-13 14:11:18
A keresett útvonal nem található: public\html\public\html\PageNotFound.html2021-02-13 14:11:21
A keresett útvonal nem található: public\html\public\html\public\html\PageNotFound.html2021-02-13 14:11:23
A keresett útvonal nem található: public\html\public\html\public\html\public\html\PageNotFound.html2021-02-13 14:11:24
A keresett útvonal nem található: public\html\public\html\public\html\public\html\public\html\PageNotFound.html2021-02-13 14:11:26
A keresett útvonal nem található: public\html\public\html\public\html\public\html\public\html\public\html\PageNotFound.html2021-02-13 14:12:30
A keresett útvonal nem található: test2021-02-13 14:12:31
A keresett útvonal nem található: public\html\PageNotFound.html2021-02-13 14:12:31
A keresett útvonal nem található: public\html\public\html\PageNotFound.html2021-02-13 14:12:31
A keresett útvonal nem található: public\html\public\html\public\html\PageNotFound.html2021-02-13 14:12:31
A keresett útvonal nem található: public\html\public\html\public\html\public\html\PageNotFound.html2021-02-13 14:12:31
A keresett útvonal nem található: public\html\public\html\public\html\public\html\public\html\PageNotFound.html2021-02-13 14:12:31
A keresett útvonal nem található: public\html\public\html\public\html\public\html\public\html\public\html\PageNotFound.html2021-02-13 14:12:31
A keresett útvonal nem található: public\html\public\html\public\html\public\html\public\html\public\html\public\html\PageNotFound.html2021-02-13 14:12:31
A keresett útvonal nem található: public\html\public\html\public\html\public\html\public\html\public\html\public\html\public\html\PageNotFound.html2021-02-13 14:12:31
A keresett útvonal nem található: public\html\public\html\public\html\public\html\public\html\public\html\public\html\public\html\public\html\PageNotFound.html2021-02-13 14:12:32
A keresett útvonal nem található: public\html\public\html\public\html\public\html\public\html\public\html\public\html\public\html\public\html\public\html\PageNotFound.html2021-02-13 14:12:32
A keresett útvonal nem található: public\html\public\html\public\html\public\html\public\html\public\html\public\html\public\html\public\html\public\html\public\html\PageNotFound.html2021-02-13 14:12:32
A keresett útvonal nem található: public\html\public\html\public\html\public\html\public\html\public\html\public\html\public\html\public\html\public\html\public\html\public\html\PageNotFound.html2021-02-13 14:12:32
A keresett útvonal nem található: public\html\public\html\public\html\public\html\public\html\public\html\public\html\public\html\public\html\public\html\public\html\public\html\public\html\PageNotFound.html2021-02-13 14:12:32
A keresett útvonal nem található: public\html\public\html\public\html\public\html\public\html\public\html\public\html\public\html\public\html\public\html\public\html\public\html\public\html\public\html\PageNotFound.html2021-02-13 14:12:32
A keresett útvonal nem található: public\html\public\html\public\html\public\html\public\html\public\html\public\html\public\html\public\html\public\html\public\html\public\html\public\html\public\html\public\html\PageNotFound.html2021-02-13 14:12:32
A keresett útvonal nem található: public\html\public\html\public\html\public\html\public\html\public\html\public\html\public\html\public\html\public\html\public\html\public\html\public\html\public\html\public\html\public\html\PageNotFound.html2021-02-13 14:12:32
A keresett útvonal nem található: public\html\public\html\public\html\public\html\public\html\public\html\public\html\public\html\public\html\public\html\public\html\public\html\public\html\public\html\public\html\public\html\public\html\PageNotFound.html2021-02-13 14:12:33
A keresett útvonal nem található: public\html\public\html\public\html\public\html\public\html\public\html\public\html\public\html\public\html\public\html\public\html\public\html\public\html\public\html\public\html\public\html\public\html\public\html\PageNotFound.html2021-02-13 14:12:33
A keresett útvonal nem található: public\html\public\html\public\html\public\html\public\html\public\html\public\html\public\html\public\html\public\html\public\html\public\html\public\html\public\html\public\html\public\html\public\html\public\html\public\html\PageNotFound.html2021-02-13 14:12:34
A keresett útvonal nem található: public\html\public\html\public\html\public\html\public\html\public\html\public\html\public\html\public\html\public\html\public\html\public\html\public\html\public\html\public\html\public\html\public\html\public\html\public\html\PageNotFound.html2021-02-13 14:12:34
A keresett útvonal nem található: public\html\public\html\public\html\public\html\public\html\public\html\public\html\public\html\public\html\public\html\public\html\public\html\public\html\public\html\public\html\public\html\public\html\public\html\public\html\public\html\PageNotFound.html2021-02-13 14:12:34
A keresett útvonal nem található: public\html\public\html\public\html\public\html\public\html\public\html\public\html\public\html\public\html\public\html\public\html\public\html\public\html\public\html\public\html\public\html\public\html\public\html\public\html\public\html\public\html\PageNotFound.html2021-02-13 14:12:35
A keresett útvonal nem található: public\html\public\html\public\html\public\html\public\html\public\html\public\html\public\html\public\html\public\html\public\html\public\html\public\html\public\html\public\html\public\html\public\html\public\html\public\html\public\html\public\html\public\html\PageNotFound.html2021-02-13 14:12:35
A keresett útvonal nem található: public\html\public\html\public\html\public\html\public\html\public\html\public\html\public\html\public\html\public\html\public\html\public\html\public\html\public\html\public\html\public\html\public\html\public\html\public\html\public\html\public\html\public\html\public\html\PageNotFound.html2021-02-13 14:12:35
A keresett útvonal nem található: public\html\public\html\public\html\public\html\public\html\public\html\public\html\public\html\public\html\public\html\public\html\public\html\public\html\public\html\public\html\public\html\public\html\public\html\public\html\public\html\public\html\public\html\public\html\public\html\PageNotFound.html2021-02-13 14:12:35
A keresett útvonal nem található: public\html\public\html\public\html\public\html\public\html\public\html\public\html\public\html\public\html\public\html\public\html\public\html\public\html\public\html\public\html\public\html\public\html\public\html\public\html\public\html\public\html\public\html\public\html\public\html\public\html\PageNotFound.html2021-02-13 14:12:35
A keresett útvonal nem található: public\html\public\html\public\html\public\html\public\html\public\html\public\html\public\html\public\html\public\html\public\html\public\html\public\html\public\html\public\html\public\html\public\html\public\html\public\html\public\html\public\html\public\html\public\html\public\html\public\html\public\html\PageNotFound.html2021-02-13 14:12:35
A keresett útvonal nem található: public\html\public\html\public\html\public\html\public\html\public\html\public\html\public\html\public\html\public\html\public\html\public\html\public\html\public\html\public\html\public\html\public\html\public\html\public\html\public\html\public\html\public\html\public\html\public\html\public\html\public\html\public\html\PageNotFound.html2021-02-13 14:12:35
A keresett útvonal nem található: public\html\public\html\public\html\public\html\public\html\public\html\public\html\public\html\public\html\public\html\public\html\public\html\public\html\public\html\public\html\public\html\public\html\public\html\public\html\public\html\public\html\public\html\public\html\public\html\public\html\public\html\public\html\public\html\PageNotFound.html2021-02-13 14:12:35
A keresett útvonal nem található: public\html\public\html\public\html\public\html\public\html\public\html\public\html\public\html\public\html\public\html\public\html\public\html\public\html\public\html\public\html\public\html\public\html\public\html\public\html\public\html\public\html\public\html\public\html\public\html\public\html\public\html\public\html\public\html\public\html\PageNotFound.html2021-02-13 14:12:36
A keresett útvonal nem található: public\html\public\html\public\html\public\html\public\html\public\html\public\html\public\html\public\html\public\html\public\html\public\html\public\html\public\html\public\html\public\html\public\html\public\html\public\html\public\html\public\html\public\html\public\html\public\html\public\html\public\html\public\html\public\html\public\html\public\html\PageNotFound.html2021-02-13 14:12:36
A keresett útvonal nem található: public\html\public\html\public\html\public\html\public\html\public\html\public\html\public\html\public\html\public\html\public\html\public\html\public\html\public\html\public\html\public\html\public\html\public\html\public\html\public\html\public\html\public\html\public\html\public\html\public\html\public\html\public\html\public\html\public\html\public\html\public\html\PageNotFound.html2021-02-13 14:12:36
A keresett útvonal nem található: public\html\public\html\public\html\public\html\public\html\public\html\public\html\public\html\public\html\public\html\public\html\public\html\public\html\public\html\public\html\public\html\public\html\public\html\public\html\public\html\public\html\public\html\public\html\public\html\public\html\public\html\public\html\public\html\public\html\public\html\public\html\public\html\PageNotFound.html2021-02-13 14:12:36
A keresett útvonal nem található: public\html\public\html\public\html\public\html\public\html\public\html\public\html\public\html\public\html\public\html\public\html\public\html\public\html\public\html\public\html\public\html\public\html\public\html\public\html\public\html\public\html\public\html\public\html\public\html\public\html\public\html\public\html\public\html\public\html\public\html\public\html\public\html\public\html\PageNotFound.html2021-02-13 14:12:36
A keresett útvonal nem található: public\html\public\html\public\html\public\html\public\html\public\html\public\html\public\html\public\html\public\html\public\html\public\html\public\html\public\html\public\html\public\html\public\html\public\html\public\html\public\html\public\html\public\html\public\html\public\html\public\html\public\html\public\html\public\html\public\html\public\html\public\html\public\html\public\html\public\html\PageNotFound.html2021-02-13 14:12:36
A keresett útvonal nem található: public\html\public\html\public\html\public\html\public\html\public\html\public\html\public\html\public\html\public\html\public\html\public\html\public\html\public\html\public\html\public\html\public\html\public\html\public\html\public\html\public\html\public\html\public\html\public\html\public\html\public\html\public\html\public\html\public\html\public\html\public\html\public\html\public\html\public\html\public\html\PageNotFound.html2021-02-13 14:12:36
A keresett útvonal nem található: public\html\public\html\public\html\public\html\public\html\public\html\public\html\public\html\public\html\public\html\public\html\public\html\public\html\public\html\public\html\public\html\public\html\public\html\public\html\public\html\public\html\public\html\public\html\public\html\public\html\public\html\public\html\public\html\public\html\public\html\public\html\public\html\public\html\public\html\public\html\public\html\PageNotFound.html2021-02-13 14:12:37
A keresett útvonal nem található: public\html\public\html\public\html\public\html\public\html\public\html\public\html\public\html\public\html\public\html\public\html\public\html\public\html\public\html\public\html\public\html\public\html\public\html\public\html\public\html\public\html\public\html\public\html\public\html\public\html\public\html\public\html\public\html\public\html\public\html\public\html\public\html\public\html\public\html\public\html\public\html\public\html\PageNotFound.html2021-02-13 14:12:37
A keresett útvonal nem található: public\html\public\html\public\html\public\html\public\html\public\html\public\html\public\html\public\html\public\html\public\html\public\html\public\html\public\html\public\html\public\html\public\html\public\html\public\html\public\html\public\html\public\html\public\html\public\html\public\html\public\html\public\html\public\html\public\html\public\html\public\html\public\html\public\html\public\html\public\html\public\html\public\html\public\html\PageNotFound.html2021-02-13 14:19:24
A keresett útvonal nem található: test